c:\users\alastar\documents\visual studio 2013\projects\rakauth\deps\odb\includes\odb\pgsql\debug\vc120.pdb
c:\users\alastar\documents\visual studio 2013\projects\rakauth\deps\odb\includes\odb\pgsql\debug\vc120.idb
c:\users\alastar\documents\visual studio 2013\projects\rakauth\deps\odb\includes\odb\pgsql\debug\auto-handle.obj
c:\users\alastar\documents\visual studio 2013\projects\rakauth\deps\odb\includes\odb\pgsql\debug\connection.obj
c:\users\alastar\documents\visual studio 2013\projects\rakauth\deps\odb\includes\odb\pgsql\debug\connection-factory.obj
c:\users\alastar\documents\visual studio 2013\projects\rakauth\deps\odb\includes\odb\pgsql\debug\database.obj
c:\users\alastar\documents\visual studio 2013\projects\rakauth\deps\odb\includes\odb\pgsql\debug\error.obj
c:\users\alastar\documents\visual studio 2013\projects\rakauth\deps\odb\includes\odb\pgsql\debug\exceptions.obj
c:\users\alastar\documents\visual studio 2013\projects\rakauth\deps\odb\includes\odb\pgsql\debug\prepared-query.obj
c:\users\alastar\documents\visual studio 2013\projects\rakauth\deps\odb\includes\odb\pgsql\debug\query.obj
c:\users\alastar\documents\visual studio 2013\projects\rakauth\deps\odb\includes\odb\pgsql\debug\query-dynamic.obj
c:\users\alastar\documents\visual studio 2013\projects\rakauth\deps\odb\includes\odb\pgsql\debug\query-const-expr.obj
c:\users\alastar\documents\visual studio 2013\projects\rakauth\deps\odb\includes\odb\pgsql\debug\simple-object-statements.obj
c:\users\alastar\documents\visual studio 2013\projects\rakauth\deps\odb\includes\odb\pgsql\debug\statement.obj
c:\users\alastar\documents\visual studio 2013\projects\rakauth\deps\odb\includes\odb\pgsql\debug\statements-base.obj
c:\users\alastar\documents\visual studio 2013\projects\rakauth\deps\odb\includes\odb\pgsql\debug\tracer.obj
c:\users\alastar\documents\visual studio 2013\projects\rakauth\deps\odb\includes\odb\pgsql\debug\traits.obj
c:\users\alastar\documents\visual studio 2013\projects\rakauth\deps\odb\includes\odb\pgsql\debug\transaction.obj
c:\users\alastar\documents\visual studio 2013\projects\rakauth\deps\odb\includes\odb\pgsql\debug\transaction-impl.obj
c:\users\alastar\documents\visual studio 2013\projects\rakauth\deps\odb\includes\odb\pgsql\debug\details\endian-traits.obj
c:\users\alastar\documents\visual studio 2013\projects\rakauth\deps\odb\includes\odb\pgsql\debug\details\options.obj
c:\users\alastar\documents\visual studio 2013\projects\rakauth\deps\odb\includes\odb\pgsql\debug\libodb-p.b6185c00.tlog\cl.command.1.tlog
c:\users\alastar\documents\visual studio 2013\projects\rakauth\deps\odb\includes\odb\pgsql\debug\libodb-p.b6185c00.tlog\cl.read.1.tlog
c:\users\alastar\documents\visual studio 2013\projects\rakauth\deps\odb\includes\odb\pgsql\debug\libodb-p.b6185c00.tlog\cl.write.1.tlog
c:\users\alastar\documents\visual studio 2013\projects\rakauth\deps\odb\includes\odb\pgsql\debug\libodb-p.b6185c00.tlog\link.command.1.tlog
c:\users\alastar\documents\visual studio 2013\projects\rakauth\deps\odb\includes\odb\pgsql\debug\libodb-p.b6185c00.tlog\link.read.1.tlog
c:\users\alastar\documents\visual studio 2013\projects\rakauth\deps\odb\includes\odb\pgsql\debug\libodb-p.b6185c00.tlog\link.write.1.tlog
