c:\users\alastar\desktop\libodb-2.4.0\odb\debug\vc120.pdb
c:\users\alastar\desktop\libodb-2.4.0\odb\debug\vc120.idb
c:\users\alastar\desktop\libodb-2.4.0\odb\debug\callback.obj
c:\users\alastar\desktop\libodb-2.4.0\odb\debug\exceptions.obj
c:\users\alastar\desktop\libodb-2.4.0\odb\debug\database.obj
c:\users\alastar\desktop\libodb-2.4.0\odb\debug\vector-impl.obj
c:\users\alastar\desktop\libodb-2.4.0\odb\debug\connection.obj
c:\users\alastar\desktop\libodb-2.4.0\odb\debug\lazy-ptr-impl.obj
c:\users\alastar\desktop\libodb-2.4.0\odb\debug\prepared-query.obj
c:\users\alastar\desktop\libodb-2.4.0\odb\debug\query-dynamic.obj
c:\users\alastar\desktop\libodb-2.4.0\odb\debug\result.obj
c:\users\alastar\desktop\libodb-2.4.0\odb\debug\schema-catalog.obj
c:\users\alastar\desktop\libodb-2.4.0\odb\debug\section.obj
c:\users\alastar\desktop\libodb-2.4.0\odb\debug\session.obj
c:\users\alastar\desktop\libodb-2.4.0\odb\debug\statement.obj
c:\users\alastar\desktop\libodb-2.4.0\odb\debug\statement-processing.obj
c:\users\alastar\desktop\libodb-2.4.0\odb\debug\tracer.obj
c:\users\alastar\desktop\libodb-2.4.0\odb\debug\transaction.obj
c:\users\alastar\desktop\libodb-2.4.0\odb\debug\details\buffer.obj
c:\users\alastar\desktop\libodb-2.4.0\odb\debug\details\condition.obj
c:\users\alastar\desktop\libodb-2.4.0\odb\debug\details\lock.obj
c:\users\alastar\desktop\libodb-2.4.0\odb\debug\details\mutex.obj
c:\users\alastar\desktop\libodb-2.4.0\odb\debug\details\shared-ptr\base.obj
c:\users\alastar\desktop\libodb-2.4.0\odb\debug\details\win32\init.obj
c:\users\alastar\desktop\libodb-2.4.0\odb\debug\details\win32\once.obj
c:\users\alastar\desktop\libodb-2.4.0\odb\debug\details\win32\tls.obj
c:\users\alastar\desktop\libodb-2.4.0\odb\debug\details\win32\condition.obj
c:\users\alastar\desktop\libodb-2.4.0\odb\debug\details\win32\thread.obj
c:\users\alastar\desktop\libodb-2.4.0\odb\debug\details\win32\exceptions.obj
c:\users\alastar\desktop\libodb-2.4.0\odb\debug\details\win32\dll.obj
c:\users\alastar\documents\visual studio 2013\projects\rakauth\deps\odb\includes\odb\debug\vc120.pdb
c:\users\alastar\documents\visual studio 2013\projects\rakauth\deps\odb\includes\odb\debug\vc120.idb
c:\users\alastar\documents\visual studio 2013\projects\rakauth\deps\odb\includes\odb\debug\callback.obj
c:\users\alastar\documents\visual studio 2013\projects\rakauth\deps\odb\includes\odb\debug\exceptions.obj
c:\users\alastar\documents\visual studio 2013\projects\rakauth\deps\odb\includes\odb\debug\database.obj
c:\users\alastar\documents\visual studio 2013\projects\rakauth\deps\odb\includes\odb\debug\vector-impl.obj
c:\users\alastar\documents\visual studio 2013\projects\rakauth\deps\odb\includes\odb\debug\connection.obj
c:\users\alastar\documents\visual studio 2013\projects\rakauth\deps\odb\includes\odb\debug\lazy-ptr-impl.obj
c:\users\alastar\documents\visual studio 2013\projects\rakauth\deps\odb\includes\odb\debug\prepared-query.obj
c:\users\alastar\documents\visual studio 2013\projects\rakauth\deps\odb\includes\odb\debug\query-dynamic.obj
c:\users\alastar\documents\visual studio 2013\projects\rakauth\deps\odb\includes\odb\debug\result.obj
c:\users\alastar\documents\visual studio 2013\projects\rakauth\deps\odb\includes\odb\debug\schema-catalog.obj
c:\users\alastar\documents\visual studio 2013\projects\rakauth\deps\odb\includes\odb\debug\section.obj
c:\users\alastar\documents\visual studio 2013\projects\rakauth\deps\odb\includes\odb\debug\session.obj
c:\users\alastar\documents\visual studio 2013\projects\rakauth\deps\odb\includes\odb\debug\statement.obj
c:\users\alastar\documents\visual studio 2013\projects\rakauth\deps\odb\includes\odb\debug\statement-processing.obj
c:\users\alastar\documents\visual studio 2013\projects\rakauth\deps\odb\includes\odb\debug\tracer.obj
c:\users\alastar\documents\visual studio 2013\projects\rakauth\deps\odb\includes\odb\debug\transaction.obj
c:\users\alastar\documents\visual studio 2013\projects\rakauth\deps\odb\includes\odb\debug\details\buffer.obj
c:\users\alastar\documents\visual studio 2013\projects\rakauth\deps\odb\includes\odb\debug\details\condition.obj
c:\users\alastar\documents\visual studio 2013\projects\rakauth\deps\odb\includes\odb\debug\details\lock.obj
c:\users\alastar\documents\visual studio 2013\projects\rakauth\deps\odb\includes\odb\debug\details\mutex.obj
c:\users\alastar\documents\visual studio 2013\projects\rakauth\deps\odb\includes\odb\debug\details\shared-ptr\base.obj
c:\users\alastar\documents\visual studio 2013\projects\rakauth\deps\odb\includes\odb\debug\details\win32\init.obj
c:\users\alastar\documents\visual studio 2013\projects\rakauth\deps\odb\includes\odb\debug\details\win32\once.obj
c:\users\alastar\documents\visual studio 2013\projects\rakauth\deps\odb\includes\odb\debug\details\win32\tls.obj
c:\users\alastar\documents\visual studio 2013\projects\rakauth\deps\odb\includes\odb\debug\details\win32\condition.obj
c:\users\alastar\documents\visual studio 2013\projects\rakauth\deps\odb\includes\odb\debug\details\win32\thread.obj
c:\users\alastar\documents\visual studio 2013\projects\rakauth\deps\odb\includes\odb\debug\details\win32\exceptions.obj
c:\users\alastar\documents\visual studio 2013\projects\rakauth\deps\odb\includes\odb\debug\details\win32\dll.obj
c:\users\alastar\desktop\libodb-2.4.0\lib\odb-d.lib
c:\users\alastar\desktop\libodb-2.4.0\lib\odb-d.exp
c:\users\alastar\documents\visual studio 2013\projects\rakauth\deps\odb\includes\lib\odb-d.lib
c:\users\alastar\documents\visual studio 2013\projects\rakauth\deps\odb\includes\lib\odb-d.exp
c:\users\alastar\desktop\libodb-2.4.0\bin\odb-d-2.4-vc12.ilk
c:\users\alastar\desktop\libodb-2.4.0\bin\odb-d-2.4-vc12.dll
c:\users\alastar\desktop\libodb-2.4.0\bin\odb-d-2.4-vc12.pdb
c:\users\alastar\documents\visual studio 2013\projects\rakauth\deps\odb\includes\bin\odb-d-2.4-vc12.ilk
c:\users\alastar\documents\visual studio 2013\projects\rakauth\deps\odb\includes\bin\odb-d-2.4-vc12.dll
c:\users\alastar\documents\visual studio 2013\projects\rakauth\deps\odb\includes\bin\odb-d-2.4-vc12.pdb
c:\users\alastar\documents\visual studio 2013\projects\rakauth\deps\odb\includes\odb\debug\libodb-vc12.tlog\cl.command.1.tlog
c:\users\alastar\documents\visual studio 2013\projects\rakauth\deps\odb\includes\odb\debug\libodb-vc12.tlog\cl.read.1.tlog
c:\users\alastar\documents\visual studio 2013\projects\rakauth\deps\odb\includes\odb\debug\libodb-vc12.tlog\cl.write.1.tlog
c:\users\alastar\documents\visual studio 2013\projects\rakauth\deps\odb\includes\odb\debug\libodb-vc12.tlog\libodb-vc12.write.1u.tlog
c:\users\alastar\documents\visual studio 2013\projects\rakauth\deps\odb\includes\odb\debug\libodb-vc12.tlog\link.command.1.tlog
c:\users\alastar\documents\visual studio 2013\projects\rakauth\deps\odb\includes\odb\debug\libodb-vc12.tlog\link.read.1.tlog
c:\users\alastar\documents\visual studio 2013\projects\rakauth\deps\odb\includes\odb\debug\libodb-vc12.tlog\link.write.1.tlog
